0 verbose cli C:\Program Files\nodejs\node.exe C:\Users\piruj\AppData\Roaming\npm\node_modules\npm\bin\npm-cli.js
1 info using npm@11.6.1
2 info using node@v23.5.0
3 silly config load:file:C:\Users\piruj\AppData\Roaming\npm\node_modules\npm\npmrc
4 silly config load:file:C:\Users\piruj\OneDrive\Desktop\Patri\SpectraWeb\.npmrc
5 silly config load:file:C:\Users\piruj\.npmrc
6 silly config load:file:C:\Users\piruj\AppData\Roaming\npm\etc\npmrc
7 verbose title npm install vanta
8 verbose argv "install" "vanta"
9 verbose logfile logs-max:10 dir:C:\Users\piruj\OneDrive\Desktop\Patri\SpectraWeb\tempnpm-cache\_logs\2026-02-17T18_17_55_907Z-
10 verbose logfile C:\Users\piruj\OneDrive\Desktop\Patri\SpectraWeb\tempnpm-cache\_logs\2026-02-17T18_17_55_907Z-debug-0.log
11 silly logfile done cleaning log files
12 silly packumentCache heap:4345298944 maxSize:1086324736 maxEntrySize:543162368
13 verbose shrinkwrap failed to load node_modules/.package-lock.json out of date, updated: node_modules
14 silly idealTree buildDeps
15 silly fetch manifest vanta@*
16 silly packumentCache full:https://registry.npmjs.org/vanta cache-miss
17 http fetch GET 200 https://registry.npmjs.org/vanta 334ms (cache miss)
18 silly packumentCache full:https://registry.npmjs.org/vanta set size:undefined disposed:false
19 silly placeDep ROOT vanta@0.5.24 OK for: spectra-landing@0.1.0 want: *
20 silly reify moves {}
21 silly audit bulk request {
21 silly audit   '@alloc/quick-lru': [ '5.2.0' ],
21 silly audit   '@emotion/is-prop-valid': [ '0.8.8' ],
21 silly audit   '@emotion/memoize': [ '0.7.4' ],
21 silly audit   '@esbuild/aix-ppc64': [ '0.21.5' ],
21 silly audit   '@esbuild/android-arm': [ '0.21.5' ],
21 silly audit   '@esbuild/android-arm64': [ '0.21.5' ],
21 silly audit   '@esbuild/android-x64': [ '0.21.5' ],
21 silly audit   '@esbuild/darwin-arm64': [ '0.21.5' ],
21 silly audit   '@esbuild/darwin-x64': [ '0.21.5' ],
21 silly audit   '@esbuild/freebsd-arm64': [ '0.21.5' ],
21 silly audit   '@esbuild/freebsd-x64': [ '0.21.5' ],
21 silly audit   '@esbuild/linux-arm': [ '0.21.5' ],
21 silly audit   '@esbuild/linux-arm64': [ '0.21.5' ],
21 silly audit   '@esbuild/linux-ia32': [ '0.21.5' ],
21 silly audit   '@esbuild/linux-loong64': [ '0.21.5' ],
21 silly audit   '@esbuild/linux-mips64el': [ '0.21.5' ],
21 silly audit   '@esbuild/linux-ppc64': [ '0.21.5' ],
21 silly audit   '@esbuild/linux-riscv64': [ '0.21.5' ],
21 silly audit   '@esbuild/linux-s390x': [ '0.21.5' ],
21 silly audit   '@esbuild/linux-x64': [ '0.21.5' ],
21 silly audit   '@esbuild/netbsd-x64': [ '0.21.5' ],
21 silly audit   '@esbuild/openbsd-x64': [ '0.21.5' ],
21 silly audit   '@esbuild/sunos-x64': [ '0.21.5' ],
21 silly audit   '@esbuild/win32-arm64': [ '0.21.5' ],
21 silly audit   '@esbuild/win32-ia32': [ '0.21.5' ],
21 silly audit   '@esbuild/win32-x64': [ '0.21.5' ],
21 silly audit   '@jridgewell/gen-mapping': [ '0.3.13' ],
21 silly audit   '@jridgewell/resolve-uri': [ '3.1.2' ],
21 silly audit   '@jridgewell/sourcemap-codec': [ '1.5.5' ],
21 silly audit   '@jridgewell/trace-mapping': [ '0.3.31' ],
21 silly audit   '@nodelib/fs.scandir': [ '2.1.5' ],
21 silly audit   '@nodelib/fs.stat': [ '2.0.5' ],
21 silly audit   '@nodelib/fs.walk': [ '1.2.8' ],
21 silly audit   '@rollup/rollup-android-arm-eabi': [ '4.57.1' ],
21 silly audit   '@rollup/rollup-android-arm64': [ '4.57.1' ],
21 silly audit   '@rollup/rollup-darwin-arm64': [ '4.57.1' ],
21 silly audit   '@rollup/rollup-darwin-x64': [ '4.57.1' ],
21 silly audit   '@rollup/rollup-freebsd-arm64': [ '4.57.1' ],
21 silly audit   '@rollup/rollup-freebsd-x64': [ '4.57.1' ],
21 silly audit   '@rollup/rollup-linux-arm-gnueabihf': [ '4.57.1' ],
21 silly audit   '@rollup/rollup-linux-arm-musleabihf': [ '4.57.1' ],
21 silly audit   '@rollup/rollup-linux-arm64-gnu': [ '4.57.1' ],
21 silly audit   '@rollup/rollup-linux-arm64-musl': [ '4.57.1' ],
21 silly audit   '@rollup/rollup-linux-loong64-gnu': [ '4.57.1' ],
21 silly audit   '@rollup/rollup-linux-loong64-musl': [ '4.57.1' ],
21 silly audit   '@rollup/rollup-linux-ppc64-gnu': [ '4.57.1' ],
21 silly audit   '@rollup/rollup-linux-ppc64-musl': [ '4.57.1' ],
21 silly audit   '@rollup/rollup-linux-riscv64-gnu': [ '4.57.1' ],
21 silly audit   '@rollup/rollup-linux-riscv64-musl': [ '4.57.1' ],
21 silly audit   '@rollup/rollup-linux-s390x-gnu': [ '4.57.1' ],
21 silly audit   '@rollup/rollup-linux-x64-gnu': [ '4.57.1' ],
21 silly audit   '@rollup/rollup-linux-x64-musl': [ '4.57.1' ],
21 silly audit   '@rollup/rollup-openbsd-x64': [ '4.57.1' ],
21 silly audit   '@rollup/rollup-openharmony-arm64': [ '4.57.1' ],
21 silly audit   '@rollup/rollup-win32-arm64-msvc': [ '4.57.1' ],
21 silly audit   '@rollup/rollup-win32-ia32-msvc': [ '4.57.1' ],
21 silly audit   '@rollup/rollup-win32-x64-gnu': [ '4.57.1' ],
21 silly audit   '@rollup/rollup-win32-x64-msvc': [ '4.57.1' ],
21 silly audit   '@types/estree': [ '1.0.8' ],
21 silly audit   '@types/prop-types': [ '15.7.15' ],
21 silly audit   '@types/react': [ '18.3.28' ],
21 silly audit   '@types/react-dom': [ '18.3.7' ],
21 silly audit   'any-promise': [ '1.3.0' ],
21 silly audit   anymatch: [ '3.1.3' ],
21 silly audit   arg: [ '5.0.2' ],
21 silly audit   autoprefixer: [ '10.4.24' ],
21 silly audit   'baseline-browser-mapping': [ '2.9.19' ],
21 silly audit   'binary-extensions': [ '2.3.0' ],
21 silly audit   braces: [ '3.0.3' ],
21 silly audit   browserslist: [ '4.28.1' ],
21 silly audit   'camelcase-css': [ '2.0.1' ],
21 silly audit   'caniuse-lite': [ '1.0.30001770' ],
21 silly audit   chokidar: [ '3.6.0' ],
21 silly audit   'glob-parent': [ '5.1.2', '6.0.2' ],
21 silly audit   commander: [ '4.1.1' ],
21 silly audit   cssesc: [ '3.0.0' ],
21 silly audit   csstype: [ '3.2.3' ],
21 silly audit   didyoumean: [ '1.2.2' ],
21 silly audit   dlv: [ '1.1.3' ],
21 silly audit   'electron-to-chromium': [ '1.5.286' ],
21 silly audit   esbuild: [ '0.21.5' ],
21 silly audit   escalade: [ '3.2.0' ],
21 silly audit   'fast-glob': [ '3.3.3' ],
21 silly audit   fastq: [ '1.20.1' ],
21 silly audit   'fill-range': [ '7.1.1' ],
21 silly audit   'fraction.js': [ '5.3.4' ],
21 silly audit   'framer-motion': [ '10.18.0' ],
21 silly audit   fsevents: [ '2.3.3' ],
21 silly audit   'function-bind': [ '1.1.2' ],
21 silly audit   hasown: [ '2.0.2' ],
21 silly audit   'is-binary-path': [ '2.1.0' ],
21 silly audit   'is-core-module': [ '2.16.1' ],
21 silly audit   'is-extglob': [ '2.1.1' ],
21 silly audit   'is-glob': [ '4.0.3' ],
21 silly audit   'is-number': [ '7.0.0' ],
21 silly audit   jiti: [ '1.21.7' ],
21 silly audit   'js-tokens': [ '4.0.0' ],
21 silly audit   lilconfig: [ '3.1.3' ],
21 silly audit   'lines-and-columns': [ '1.2.4' ],
21 silly audit   'loose-envify': [ '1.4.0' ],
21 silly audit   merge2: [ '1.4.1' ],
21 silly audit   micromatch: [ '4.0.8' ],
21 silly audit   mz: [ '2.7.0' ],
21 silly audit   nanoid: [ '3.3.11' ],
21 silly audit   'node-releases': [ '2.0.27' ],
21 silly audit   'normalize-path': [ '3.0.0' ],
21 silly audit   'object-assign': [ '4.1.1' ],
21 silly audit   'object-hash': [ '3.0.0' ],
21 silly audit   'path-parse': [ '1.0.7' ],
21 silly audit   picocolors: [ '1.1.1' ],
21 silly audit   picomatch: [ '2.3.1', '4.0.3' ],
21 silly audit   pify: [ '2.3.0' ],
21 silly audit   pirates: [ '4.0.7' ],
21 silly audit   postcss: [ '8.5.6' ],
21 silly audit   'postcss-import': [ '15.1.0' ],
21 silly audit   'postcss-js': [ '4.1.0' ],
21 silly audit   'postcss-load-config': [ '6.0.1' ],
21 silly audit   'postcss-nested': [ '6.2.0' ],
21 silly audit   'postcss-selector-parser': [ '6.1.2' ],
21 silly audit   'postcss-value-parser': [ '4.2.0' ],
21 silly audit   'queue-microtask': [ '1.2.3' ],
21 silly audit   react: [ '18.3.1' ],
21 silly audit   'react-dom': [ '18.3.1' ],
21 silly audit   'read-cache': [ '1.0.0' ],
21 silly audit   readdirp: [ '3.6.0' ],
21 silly audit   resolve: [ '1.22.11' ],
21 silly audit   reusify: [ '1.1.0' ],
21 silly audit   rollup: [ '4.57.1' ],
21 silly audit   'run-parallel': [ '1.2.0' ],
21 silly audit   scheduler: [ '0.23.2' ],
21 silly audit   'source-map-js': [ '1.2.1' ],
21 silly audit   sucrase: [ '3.35.1' ],
21 silly audit   'supports-preserve-symlinks-flag': [ '1.0.0' ],
21 silly audit   tailwindcss: [ '3.4.19' ],
21 silly audit   thenify: [ '3.3.1' ],
21 silly audit   'thenify-all': [ '1.6.0' ],
21 silly audit   tinyglobby: [ '0.2.15' ],
21 silly audit   fdir: [ '6.5.0' ],
21 silly audit   'to-regex-range': [ '5.0.1' ],
21 silly audit   'ts-interface-checker': [ '0.1.13' ],
21 silly audit   tslib: [ '2.8.1' ],
21 silly audit   typescript: [ '5.9.3' ],
21 silly audit   'update-browserslist-db': [ '1.2.3' ],
21 silly audit   'util-deprecate': [ '1.0.2' ],
21 silly audit   vite: [ '5.4.21' ],
21 silly audit   vanta: [ '0.5.24' ]
21 silly audit }
22 verbose reify failed optional dependency C:\Users\piruj\OneDrive\Desktop\Patri\SpectraWeb\node_modules\fsevents
23 silly reify mark deleted [
23 silly reify   'C:\\Users\\piruj\\OneDrive\\Desktop\\Patri\\SpectraWeb\\node_modules\\fsevents'
23 silly reify ]
24 verbose reify failed optional dependency C:\Users\piruj\OneDrive\Desktop\Patri\SpectraWeb\node_modules\@rollup\rollup-win32-ia32-msvc
25 silly reify mark deleted [
25 silly reify   'C:\\Users\\piruj\\OneDrive\\Desktop\\Patri\\SpectraWeb\\node_modules\\@rollup\\rollup-win32-ia32-msvc'
25 silly reify ]
26 verbose reify failed optional dependency C:\Users\piruj\OneDrive\Desktop\Patri\SpectraWeb\node_modules\@rollup\rollup-win32-arm64-msvc
27 silly reify mark deleted [
27 silly reify   'C:\\Users\\piruj\\OneDrive\\Desktop\\Patri\\SpectraWeb\\node_modules\\@rollup\\rollup-win32-arm64-msvc'
27 silly reify ]
28 verbose reify failed optional dependency C:\Users\piruj\OneDrive\Desktop\Patri\SpectraWeb\node_modules\@rollup\rollup-openharmony-arm64
29 silly reify mark deleted [
29 silly reify   'C:\\Users\\piruj\\OneDrive\\Desktop\\Patri\\SpectraWeb\\node_modules\\@rollup\\rollup-openharmony-arm64'
29 silly reify ]
30 verbose reify failed optional dependency C:\Users\piruj\OneDrive\Desktop\Patri\SpectraWeb\node_modules\@rollup\rollup-openbsd-x64
31 silly reify mark deleted [
31 silly reify   'C:\\Users\\piruj\\OneDrive\\Desktop\\Patri\\SpectraWeb\\node_modules\\@rollup\\rollup-openbsd-x64'
31 silly reify ]
32 verbose reify failed optional dependency C:\Users\piruj\OneDrive\Desktop\Patri\SpectraWeb\node_modules\@rollup\rollup-linux-x64-musl
33 silly reify mark deleted [
33 silly reify   'C:\\Users\\piruj\\OneDrive\\Desktop\\Patri\\SpectraWeb\\node_modules\\@rollup\\rollup-linux-x64-musl'
33 silly reify ]
34 verbose reify failed optional dependency C:\Users\piruj\OneDrive\Desktop\Patri\SpectraWeb\node_modules\@rollup\rollup-linux-x64-gnu
35 silly reify mark deleted [
35 silly reify   'C:\\Users\\piruj\\OneDrive\\Desktop\\Patri\\SpectraWeb\\node_modules\\@rollup\\rollup-linux-x64-gnu'
35 silly reify ]
36 verbose reify failed optional dependency C:\Users\piruj\OneDrive\Desktop\Patri\SpectraWeb\node_modules\@rollup\rollup-linux-s390x-gnu
37 silly reify mark deleted [
37 silly reify   'C:\\Users\\piruj\\OneDrive\\Desktop\\Patri\\SpectraWeb\\node_modules\\@rollup\\rollup-linux-s390x-gnu'
37 silly reify ]
38 verbose reify failed optional dependency C:\Users\piruj\OneDrive\Desktop\Patri\SpectraWeb\node_modules\@rollup\rollup-linux-riscv64-musl
39 silly reify mark deleted [
39 silly reify   'C:\\Users\\piruj\\OneDrive\\Desktop\\Patri\\SpectraWeb\\node_modules\\@rollup\\rollup-linux-riscv64-musl'
39 silly reify ]
40 verbose reify failed optional dependency C:\Users\piruj\OneDrive\Desktop\Patri\SpectraWeb\node_modules\@rollup\rollup-linux-riscv64-gnu
41 silly reify mark deleted [
41 silly reify   'C:\\Users\\piruj\\OneDrive\\Desktop\\Patri\\SpectraWeb\\node_modules\\@rollup\\rollup-linux-riscv64-gnu'
41 silly reify ]
42 verbose reify failed optional dependency C:\Users\piruj\OneDrive\Desktop\Patri\SpectraWeb\node_modules\@rollup\rollup-linux-ppc64-musl
43 silly reify mark deleted [
43 silly reify   'C:\\Users\\piruj\\OneDrive\\Desktop\\Patri\\SpectraWeb\\node_modules\\@rollup\\rollup-linux-ppc64-musl'
43 silly reify ]
44 verbose reify failed optional dependency C:\Users\piruj\OneDrive\Desktop\Patri\SpectraWeb\node_modules\@rollup\rollup-linux-ppc64-gnu
45 silly reify mark deleted [
45 silly reify   'C:\\Users\\piruj\\OneDrive\\Desktop\\Patri\\SpectraWeb\\node_modules\\@rollup\\rollup-linux-ppc64-gnu'
45 silly reify ]
46 verbose reify failed optional dependency C:\Users\piruj\OneDrive\Desktop\Patri\SpectraWeb\node_modules\@rollup\rollup-linux-loong64-musl
47 silly reify mark deleted [
47 silly reify   'C:\\Users\\piruj\\OneDrive\\Desktop\\Patri\\SpectraWeb\\node_modules\\@rollup\\rollup-linux-loong64-musl'
47 silly reify ]
48 verbose reify failed optional dependency C:\Users\piruj\OneDrive\Desktop\Patri\SpectraWeb\node_modules\@rollup\rollup-linux-loong64-gnu
49 silly reify mark deleted [
49 silly reify   'C:\\Users\\piruj\\OneDrive\\Desktop\\Patri\\SpectraWeb\\node_modules\\@rollup\\rollup-linux-loong64-gnu'
49 silly reify ]
50 verbose reify failed optional dependency C:\Users\piruj\OneDrive\Desktop\Patri\SpectraWeb\node_modules\@rollup\rollup-linux-arm64-musl
51 silly reify mark deleted [
51 silly reify   'C:\\Users\\piruj\\OneDrive\\Desktop\\Patri\\SpectraWeb\\node_modules\\@rollup\\rollup-linux-arm64-musl'
51 silly reify ]
52 verbose reify failed optional dependency C:\Users\piruj\OneDrive\Desktop\Patri\SpectraWeb\node_modules\@rollup\rollup-linux-arm64-gnu
53 silly reify mark deleted [
53 silly reify   'C:\\Users\\piruj\\OneDrive\\Desktop\\Patri\\SpectraWeb\\node_modules\\@rollup\\rollup-linux-arm64-gnu'
53 silly reify ]
54 verbose reify failed optional dependency C:\Users\piruj\OneDrive\Desktop\Patri\SpectraWeb\node_modules\@rollup\rollup-linux-arm-musleabihf
55 silly reify mark deleted [
55 silly reify   'C:\\Users\\piruj\\OneDrive\\Desktop\\Patri\\SpectraWeb\\node_modules\\@rollup\\rollup-linux-arm-musleabihf'
55 silly reify ]
56 verbose reify failed optional dependency C:\Users\piruj\OneDrive\Desktop\Patri\SpectraWeb\node_modules\@rollup\rollup-linux-arm-gnueabihf
57 silly reify mark deleted [
57 silly reify   'C:\\Users\\piruj\\OneDrive\\Desktop\\Patri\\SpectraWeb\\node_modules\\@rollup\\rollup-linux-arm-gnueabihf'
57 silly reify ]
58 verbose reify failed optional dependency C:\Users\piruj\OneDrive\Desktop\Patri\SpectraWeb\node_modules\@rollup\rollup-freebsd-x64
59 silly reify mark deleted [
59 silly reify   'C:\\Users\\piruj\\OneDrive\\Desktop\\Patri\\SpectraWeb\\node_modules\\@rollup\\rollup-freebsd-x64'
59 silly reify ]
60 verbose reify failed optional dependency C:\Users\piruj\OneDrive\Desktop\Patri\SpectraWeb\node_modules\@rollup\rollup-freebsd-arm64
61 silly reify mark deleted [
61 silly reify   'C:\\Users\\piruj\\OneDrive\\Desktop\\Patri\\SpectraWeb\\node_modules\\@rollup\\rollup-freebsd-arm64'
61 silly reify ]
62 verbose reify failed optional dependency C:\Users\piruj\OneDrive\Desktop\Patri\SpectraWeb\node_modules\@rollup\rollup-darwin-x64
63 silly reify mark deleted [
63 silly reify   'C:\\Users\\piruj\\OneDrive\\Desktop\\Patri\\SpectraWeb\\node_modules\\@rollup\\rollup-darwin-x64'
63 silly reify ]
64 verbose reify failed optional dependency C:\Users\piruj\OneDrive\Desktop\Patri\SpectraWeb\node_modules\@rollup\rollup-darwin-arm64
65 silly reify mark deleted [
65 silly reify   'C:\\Users\\piruj\\OneDrive\\Desktop\\Patri\\SpectraWeb\\node_modules\\@rollup\\rollup-darwin-arm64'
65 silly reify ]
66 verbose reify failed optional dependency C:\Users\piruj\OneDrive\Desktop\Patri\SpectraWeb\node_modules\@rollup\rollup-android-arm64
67 silly reify mark deleted [
67 silly reify   'C:\\Users\\piruj\\OneDrive\\Desktop\\Patri\\SpectraWeb\\node_modules\\@rollup\\rollup-android-arm64'
67 silly reify ]
68 verbose reify failed optional dependency C:\Users\piruj\OneDrive\Desktop\Patri\SpectraWeb\node_modules\@rollup\rollup-android-arm-eabi
69 silly reify mark deleted [
69 silly reify   'C:\\Users\\piruj\\OneDrive\\Desktop\\Patri\\SpectraWeb\\node_modules\\@rollup\\rollup-android-arm-eabi'
69 silly reify ]
70 verbose reify failed optional dependency C:\Users\piruj\OneDrive\Desktop\Patri\SpectraWeb\node_modules\@esbuild\win32-ia32
71 silly reify mark deleted [
71 silly reify   'C:\\Users\\piruj\\OneDrive\\Desktop\\Patri\\SpectraWeb\\node_modules\\@esbuild\\win32-ia32'
71 silly reify ]
72 verbose reify failed optional dependency C:\Users\piruj\OneDrive\Desktop\Patri\SpectraWeb\node_modules\@esbuild\win32-arm64
73 silly reify mark deleted [
73 silly reify   'C:\\Users\\piruj\\OneDrive\\Desktop\\Patri\\SpectraWeb\\node_modules\\@esbuild\\win32-arm64'
73 silly reify ]
74 verbose reify failed optional dependency C:\Users\piruj\OneDrive\Desktop\Patri\SpectraWeb\node_modules\@esbuild\sunos-x64
75 silly reify mark deleted [
75 silly reify   'C:\\Users\\piruj\\OneDrive\\Desktop\\Patri\\SpectraWeb\\node_modules\\@esbuild\\sunos-x64'
75 silly reify ]
76 verbose reify failed optional dependency C:\Users\piruj\OneDrive\Desktop\Patri\SpectraWeb\node_modules\@esbuild\openbsd-x64
77 silly reify mark deleted [
77 silly reify   'C:\\Users\\piruj\\OneDrive\\Desktop\\Patri\\SpectraWeb\\node_modules\\@esbuild\\openbsd-x64'
77 silly reify ]
78 verbose reify failed optional dependency C:\Users\piruj\OneDrive\Desktop\Patri\SpectraWeb\node_modules\@esbuild\netbsd-x64
79 silly reify mark deleted [
79 silly reify   'C:\\Users\\piruj\\OneDrive\\Desktop\\Patri\\SpectraWeb\\node_modules\\@esbuild\\netbsd-x64'
79 silly reify ]
80 verbose reify failed optional dependency C:\Users\piruj\OneDrive\Desktop\Patri\SpectraWeb\node_modules\@esbuild\linux-x64
81 silly reify mark deleted [
81 silly reify   'C:\\Users\\piruj\\OneDrive\\Desktop\\Patri\\SpectraWeb\\node_modules\\@esbuild\\linux-x64'
81 silly reify ]
82 verbose reify failed optional dependency C:\Users\piruj\OneDrive\Desktop\Patri\SpectraWeb\node_modules\@esbuild\linux-s390x
83 silly reify mark deleted [
83 silly reify   'C:\\Users\\piruj\\OneDrive\\Desktop\\Patri\\SpectraWeb\\node_modules\\@esbuild\\linux-s390x'
83 silly reify ]
84 verbose reify failed optional dependency C:\Users\piruj\OneDrive\Desktop\Patri\SpectraWeb\node_modules\@esbuild\linux-riscv64
85 silly reify mark deleted [
85 silly reify   'C:\\Users\\piruj\\OneDrive\\Desktop\\Patri\\SpectraWeb\\node_modules\\@esbuild\\linux-riscv64'
85 silly reify ]
86 verbose reify failed optional dependency C:\Users\piruj\OneDrive\Desktop\Patri\SpectraWeb\node_modules\@esbuild\linux-ppc64
87 silly reify mark deleted [
87 silly reify   'C:\\Users\\piruj\\OneDrive\\Desktop\\Patri\\SpectraWeb\\node_modules\\@esbuild\\linux-ppc64'
87 silly reify ]
88 verbose reify failed optional dependency C:\Users\piruj\OneDrive\Desktop\Patri\SpectraWeb\node_modules\@esbuild\linux-mips64el
89 silly reify mark deleted [
89 silly reify   'C:\\Users\\piruj\\OneDrive\\Desktop\\Patri\\SpectraWeb\\node_modules\\@esbuild\\linux-mips64el'
89 silly reify ]
90 verbose reify failed optional dependency C:\Users\piruj\OneDrive\Desktop\Patri\SpectraWeb\node_modules\@esbuild\linux-loong64
91 silly reify mark deleted [
91 silly reify   'C:\\Users\\piruj\\OneDrive\\Desktop\\Patri\\SpectraWeb\\node_modules\\@esbuild\\linux-loong64'
91 silly reify ]
92 verbose reify failed optional dependency C:\Users\piruj\OneDrive\Desktop\Patri\SpectraWeb\node_modules\@esbuild\linux-ia32
93 silly reify mark deleted [
93 silly reify   'C:\\Users\\piruj\\OneDrive\\Desktop\\Patri\\SpectraWeb\\node_modules\\@esbuild\\linux-ia32'
93 silly reify ]
94 verbose reify failed optional dependency C:\Users\piruj\OneDrive\Desktop\Patri\SpectraWeb\node_modules\@esbuild\linux-arm64
95 silly reify mark deleted [
95 silly reify   'C:\\Users\\piruj\\OneDrive\\Desktop\\Patri\\SpectraWeb\\node_modules\\@esbuild\\linux-arm64'
95 silly reify ]
96 verbose reify failed optional dependency C:\Users\piruj\OneDrive\Desktop\Patri\SpectraWeb\node_modules\@esbuild\linux-arm
97 silly reify mark deleted [
97 silly reify   'C:\\Users\\piruj\\OneDrive\\Desktop\\Patri\\SpectraWeb\\node_modules\\@esbuild\\linux-arm'
97 silly reify ]
98 verbose reify failed optional dependency C:\Users\piruj\OneDrive\Desktop\Patri\SpectraWeb\node_modules\@esbuild\freebsd-x64
99 silly reify mark deleted [
99 silly reify   'C:\\Users\\piruj\\OneDrive\\Desktop\\Patri\\SpectraWeb\\node_modules\\@esbuild\\freebsd-x64'
99 silly reify ]
100 verbose reify failed optional dependency C:\Users\piruj\OneDrive\Desktop\Patri\SpectraWeb\node_modules\@esbuild\freebsd-arm64
101 silly reify mark deleted [
101 silly reify   'C:\\Users\\piruj\\OneDrive\\Desktop\\Patri\\SpectraWeb\\node_modules\\@esbuild\\freebsd-arm64'
101 silly reify ]
102 verbose reify failed optional dependency C:\Users\piruj\OneDrive\Desktop\Patri\SpectraWeb\node_modules\@esbuild\darwin-x64
103 silly reify mark deleted [
103 silly reify   'C:\\Users\\piruj\\OneDrive\\Desktop\\Patri\\SpectraWeb\\node_modules\\@esbuild\\darwin-x64'
103 silly reify ]
104 verbose reify failed optional dependency C:\Users\piruj\OneDrive\Desktop\Patri\SpectraWeb\node_modules\@esbuild\darwin-arm64
105 silly reify mark deleted [
105 silly reify   'C:\\Users\\piruj\\OneDrive\\Desktop\\Patri\\SpectraWeb\\node_modules\\@esbuild\\darwin-arm64'
105 silly reify ]
106 verbose reify failed optional dependency C:\Users\piruj\OneDrive\Desktop\Patri\SpectraWeb\node_modules\@esbuild\android-x64
107 silly reify mark deleted [
107 silly reify   'C:\\Users\\piruj\\OneDrive\\Desktop\\Patri\\SpectraWeb\\node_modules\\@esbuild\\android-x64'
107 silly reify ]
108 verbose reify failed optional dependency C:\Users\piruj\OneDrive\Desktop\Patri\SpectraWeb\node_modules\@esbuild\android-arm64
109 silly reify mark deleted [
109 silly reify   'C:\\Users\\piruj\\OneDrive\\Desktop\\Patri\\SpectraWeb\\node_modules\\@esbuild\\android-arm64'
109 silly reify ]
110 verbose reify failed optional dependency C:\Users\piruj\OneDrive\Desktop\Patri\SpectraWeb\node_modules\@esbuild\android-arm
111 silly reify mark deleted [
111 silly reify   'C:\\Users\\piruj\\OneDrive\\Desktop\\Patri\\SpectraWeb\\node_modules\\@esbuild\\android-arm'
111 silly reify ]
112 verbose reify failed optional dependency C:\Users\piruj\OneDrive\Desktop\Patri\SpectraWeb\node_modules\@esbuild\aix-ppc64
113 silly reify mark deleted [
113 silly reify   'C:\\Users\\piruj\\OneDrive\\Desktop\\Patri\\SpectraWeb\\node_modules\\@esbuild\\aix-ppc64'
113 silly reify ]
114 http cache vanta@https://registry.npmjs.org/vanta/-/vanta-0.5.24.tgz 0ms (cache hit)
115 silly tarball no local data for vanta@https://registry.npmjs.org/vanta/-/vanta-0.5.24.tgz. Extracting by manifest.
116 http fetch POST 200 https://registry.npmjs.org/-/npm/v1/security/advisories/bulk 204ms
117 silly audit report {
117 silly audit report   esbuild: [
117 silly audit report     {
117 silly audit report       id: 1102341,
117 silly audit report       url: 'https://github.com/advisories/GHSA-67mh-4wv8-2f99',
117 silly audit report       title: 'esbuild enables any website to send any requests to the development server and read the response',
117 silly audit report       severity: 'moderate',
117 silly audit report       vulnerable_versions: '<=0.24.2',
117 silly audit report       cwe: [Array],
117 silly audit report       cvss: [Object]
117 silly audit report     }
117 silly audit report   ]
117 silly audit report }
118 silly packumentCache corgi:https://registry.npmjs.org/esbuild cache-miss
119 http fetch GET 200 https://registry.npmjs.org/esbuild 48ms (cache revalidated)
120 silly packumentCache corgi:https://registry.npmjs.org/esbuild set size:879341 disposed:false
121 silly packumentCache corgi:https://registry.npmjs.org/vite cache-miss
122 http fetch GET 200 https://registry.npmjs.org/vite 211ms (cache revalidated)
123 silly packumentCache corgi:https://registry.npmjs.org/vite set size:2184523 disposed:false
124 http fetch GET 200 https://registry.npmjs.org/vanta/-/vanta-0.5.24.tgz 627ms (cache miss)
125 silly ADD node_modules/vanta
126 silly ADD node_modules/fsevents
127 silly ADD node_modules/@rollup/rollup-win32-ia32-msvc
128 silly ADD node_modules/@rollup/rollup-win32-arm64-msvc
129 silly ADD node_modules/@rollup/rollup-openharmony-arm64
130 silly ADD node_modules/@rollup/rollup-openbsd-x64
131 silly ADD node_modules/@rollup/rollup-linux-x64-musl
132 silly ADD node_modules/@rollup/rollup-linux-x64-gnu
133 silly ADD node_modules/@rollup/rollup-linux-s390x-gnu
134 silly ADD node_modules/@rollup/rollup-linux-riscv64-musl
135 silly ADD node_modules/@rollup/rollup-linux-riscv64-gnu
136 silly ADD node_modules/@rollup/rollup-linux-ppc64-musl
137 silly ADD node_modules/@rollup/rollup-linux-ppc64-gnu
138 silly ADD node_modules/@rollup/rollup-linux-loong64-musl
139 silly ADD node_modules/@rollup/rollup-linux-loong64-gnu
140 silly ADD node_modules/@rollup/rollup-linux-arm64-musl
141 silly ADD node_modules/@rollup/rollup-linux-arm64-gnu
142 silly ADD node_modules/@rollup/rollup-linux-arm-musleabihf
143 silly ADD node_modules/@rollup/rollup-linux-arm-gnueabihf
144 silly ADD node_modules/@rollup/rollup-freebsd-x64
145 silly ADD node_modules/@rollup/rollup-freebsd-arm64
146 silly ADD node_modules/@rollup/rollup-darwin-x64
147 silly ADD node_modules/@rollup/rollup-darwin-arm64
148 silly ADD node_modules/@rollup/rollup-android-arm64
149 silly ADD node_modules/@rollup/rollup-android-arm-eabi
150 silly ADD node_modules/@esbuild/win32-ia32
151 silly ADD node_modules/@esbuild/win32-arm64
152 silly ADD node_modules/@esbuild/sunos-x64
153 silly ADD node_modules/@esbuild/openbsd-x64
154 silly ADD node_modules/@esbuild/netbsd-x64
155 silly ADD node_modules/@esbuild/linux-x64
156 silly ADD node_modules/@esbuild/linux-s390x
157 silly ADD node_modules/@esbuild/linux-riscv64
158 silly ADD node_modules/@esbuild/linux-ppc64
159 silly ADD node_modules/@esbuild/linux-mips64el
160 silly ADD node_modules/@esbuild/linux-loong64
161 silly ADD node_modules/@esbuild/linux-ia32
162 silly ADD node_modules/@esbuild/linux-arm64
163 silly ADD node_modules/@esbuild/linux-arm
164 silly ADD node_modules/@esbuild/freebsd-x64
165 silly ADD node_modules/@esbuild/freebsd-arm64
166 silly ADD node_modules/@esbuild/darwin-x64
167 silly ADD node_modules/@esbuild/darwin-arm64
168 silly ADD node_modules/@esbuild/android-x64
169 silly ADD node_modules/@esbuild/android-arm64
170 silly ADD node_modules/@esbuild/android-arm
171 silly ADD node_modules/@esbuild/aix-ppc64
172 verbose cwd C:\Users\piruj\OneDrive\Desktop\Patri\SpectraWeb
173 verbose os Windows_NT 10.0.26200
174 verbose node v23.5.0
175 verbose npm  v11.6.1
176 verbose exit 0
177 info ok
