0 verbose cli C:\Program Files\nodejs\node.exe C:\Users\piruj\AppData\Roaming\npm\node_modules\npm\bin\npm-cli.js
1 info using npm@11.6.1
2 info using node@v23.5.0
3 silly config load:file:C:\Users\piruj\AppData\Roaming\npm\node_modules\npm\npmrc
4 silly config load:file:C:\Users\piruj\OneDrive\Desktop\Patri\SpectraWeb\.npmrc
5 silly config load:file:C:\Users\piruj\.npmrc
6 silly config load:file:C:\Users\piruj\AppData\Roaming\npm\etc\npmrc
7 verbose title npm install three
8 verbose argv "install" "three"
9 verbose logfile logs-max:10 dir:C:\Users\piruj\OneDrive\Desktop\Patri\SpectraWeb\tempnpm-cache\_logs\2026-02-17T18_18_43_103Z-
10 verbose logfile C:\Users\piruj\OneDrive\Desktop\Patri\SpectraWeb\tempnpm-cache\_logs\2026-02-17T18_18_43_103Z-debug-0.log
11 silly logfile done cleaning log files
12 silly packumentCache heap:4345298944 maxSize:1086324736 maxEntrySize:543162368
13 silly idealTree buildDeps
14 silly fetch manifest three@*
15 silly packumentCache full:https://registry.npmjs.org/three cache-miss
16 http fetch GET 200 https://registry.npmjs.org/three 147ms (cache miss)
17 silly packumentCache full:https://registry.npmjs.org/three set size:undefined disposed:false
18 silly placeDep ROOT three@0.182.0 OK for: spectra-landing@0.1.0 want: *
19 silly reify moves {}
20 silly audit bulk request {
20 silly audit   '@alloc/quick-lru': [ '5.2.0' ],
20 silly audit   '@emotion/is-prop-valid': [ '0.8.8' ],
20 silly audit   '@emotion/memoize': [ '0.7.4' ],
20 silly audit   '@esbuild/aix-ppc64': [ '0.21.5' ],
20 silly audit   '@esbuild/android-arm': [ '0.21.5' ],
20 silly audit   '@esbuild/android-arm64': [ '0.21.5' ],
20 silly audit   '@esbuild/android-x64': [ '0.21.5' ],
20 silly audit   '@esbuild/darwin-arm64': [ '0.21.5' ],
20 silly audit   '@esbuild/darwin-x64': [ '0.21.5' ],
20 silly audit   '@esbuild/freebsd-arm64': [ '0.21.5' ],
20 silly audit   '@esbuild/freebsd-x64': [ '0.21.5' ],
20 silly audit   '@esbuild/linux-arm': [ '0.21.5' ],
20 silly audit   '@esbuild/linux-arm64': [ '0.21.5' ],
20 silly audit   '@esbuild/linux-ia32': [ '0.21.5' ],
20 silly audit   '@esbuild/linux-loong64': [ '0.21.5' ],
20 silly audit   '@esbuild/linux-mips64el': [ '0.21.5' ],
20 silly audit   '@esbuild/linux-ppc64': [ '0.21.5' ],
20 silly audit   '@esbuild/linux-riscv64': [ '0.21.5' ],
20 silly audit   '@esbuild/linux-s390x': [ '0.21.5' ],
20 silly audit   '@esbuild/linux-x64': [ '0.21.5' ],
20 silly audit   '@esbuild/netbsd-x64': [ '0.21.5' ],
20 silly audit   '@esbuild/openbsd-x64': [ '0.21.5' ],
20 silly audit   '@esbuild/sunos-x64': [ '0.21.5' ],
20 silly audit   '@esbuild/win32-arm64': [ '0.21.5' ],
20 silly audit   '@esbuild/win32-ia32': [ '0.21.5' ],
20 silly audit   '@esbuild/win32-x64': [ '0.21.5' ],
20 silly audit   '@jridgewell/gen-mapping': [ '0.3.13' ],
20 silly audit   '@jridgewell/resolve-uri': [ '3.1.2' ],
20 silly audit   '@jridgewell/sourcemap-codec': [ '1.5.5' ],
20 silly audit   '@jridgewell/trace-mapping': [ '0.3.31' ],
20 silly audit   '@nodelib/fs.scandir': [ '2.1.5' ],
20 silly audit   '@nodelib/fs.stat': [ '2.0.5' ],
20 silly audit   '@nodelib/fs.walk': [ '1.2.8' ],
20 silly audit   '@rollup/rollup-android-arm-eabi': [ '4.57.1' ],
20 silly audit   '@rollup/rollup-android-arm64': [ '4.57.1' ],
20 silly audit   '@rollup/rollup-darwin-arm64': [ '4.57.1' ],
20 silly audit   '@rollup/rollup-darwin-x64': [ '4.57.1' ],
20 silly audit   '@rollup/rollup-freebsd-arm64': [ '4.57.1' ],
20 silly audit   '@rollup/rollup-freebsd-x64': [ '4.57.1' ],
20 silly audit   '@rollup/rollup-linux-arm-gnueabihf': [ '4.57.1' ],
20 silly audit   '@rollup/rollup-linux-arm-musleabihf': [ '4.57.1' ],
20 silly audit   '@rollup/rollup-linux-arm64-gnu': [ '4.57.1' ],
20 silly audit   '@rollup/rollup-linux-arm64-musl': [ '4.57.1' ],
20 silly audit   '@rollup/rollup-linux-loong64-gnu': [ '4.57.1' ],
20 silly audit   '@rollup/rollup-linux-loong64-musl': [ '4.57.1' ],
20 silly audit   '@rollup/rollup-linux-ppc64-gnu': [ '4.57.1' ],
20 silly audit   '@rollup/rollup-linux-ppc64-musl': [ '4.57.1' ],
20 silly audit   '@rollup/rollup-linux-riscv64-gnu': [ '4.57.1' ],
20 silly audit   '@rollup/rollup-linux-riscv64-musl': [ '4.57.1' ],
20 silly audit   '@rollup/rollup-linux-s390x-gnu': [ '4.57.1' ],
20 silly audit   '@rollup/rollup-linux-x64-gnu': [ '4.57.1' ],
20 silly audit   '@rollup/rollup-linux-x64-musl': [ '4.57.1' ],
20 silly audit   '@rollup/rollup-openbsd-x64': [ '4.57.1' ],
20 silly audit   '@rollup/rollup-openharmony-arm64': [ '4.57.1' ],
20 silly audit   '@rollup/rollup-win32-arm64-msvc': [ '4.57.1' ],
20 silly audit   '@rollup/rollup-win32-ia32-msvc': [ '4.57.1' ],
20 silly audit   '@rollup/rollup-win32-x64-gnu': [ '4.57.1' ],
20 silly audit   '@rollup/rollup-win32-x64-msvc': [ '4.57.1' ],
20 silly audit   '@types/estree': [ '1.0.8' ],
20 silly audit   '@types/prop-types': [ '15.7.15' ],
20 silly audit   '@types/react': [ '18.3.28' ],
20 silly audit   '@types/react-dom': [ '18.3.7' ],
20 silly audit   'any-promise': [ '1.3.0' ],
20 silly audit   anymatch: [ '3.1.3' ],
20 silly audit   arg: [ '5.0.2' ],
20 silly audit   autoprefixer: [ '10.4.24' ],
20 silly audit   'baseline-browser-mapping': [ '2.9.19' ],
20 silly audit   'binary-extensions': [ '2.3.0' ],
20 silly audit   braces: [ '3.0.3' ],
20 silly audit   browserslist: [ '4.28.1' ],
20 silly audit   'camelcase-css': [ '2.0.1' ],
20 silly audit   'caniuse-lite': [ '1.0.30001770' ],
20 silly audit   chokidar: [ '3.6.0' ],
20 silly audit   'glob-parent': [ '5.1.2', '6.0.2' ],
20 silly audit   commander: [ '4.1.1' ],
20 silly audit   cssesc: [ '3.0.0' ],
20 silly audit   csstype: [ '3.2.3' ],
20 silly audit   didyoumean: [ '1.2.2' ],
20 silly audit   dlv: [ '1.1.3' ],
20 silly audit   'electron-to-chromium': [ '1.5.286' ],
20 silly audit   esbuild: [ '0.21.5' ],
20 silly audit   escalade: [ '3.2.0' ],
20 silly audit   'fast-glob': [ '3.3.3' ],
20 silly audit   fastq: [ '1.20.1' ],
20 silly audit   'fill-range': [ '7.1.1' ],
20 silly audit   'fraction.js': [ '5.3.4' ],
20 silly audit   'framer-motion': [ '10.18.0' ],
20 silly audit   fsevents: [ '2.3.3' ],
20 silly audit   'function-bind': [ '1.1.2' ],
20 silly audit   hasown: [ '2.0.2' ],
20 silly audit   'is-binary-path': [ '2.1.0' ],
20 silly audit   'is-core-module': [ '2.16.1' ],
20 silly audit   'is-extglob': [ '2.1.1' ],
20 silly audit   'is-glob': [ '4.0.3' ],
20 silly audit   'is-number': [ '7.0.0' ],
20 silly audit   jiti: [ '1.21.7' ],
20 silly audit   'js-tokens': [ '4.0.0' ],
20 silly audit   lilconfig: [ '3.1.3' ],
20 silly audit   'lines-and-columns': [ '1.2.4' ],
20 silly audit   'loose-envify': [ '1.4.0' ],
20 silly audit   merge2: [ '1.4.1' ],
20 silly audit   micromatch: [ '4.0.8' ],
20 silly audit   mz: [ '2.7.0' ],
20 silly audit   nanoid: [ '3.3.11' ],
20 silly audit   'node-releases': [ '2.0.27' ],
20 silly audit   'normalize-path': [ '3.0.0' ],
20 silly audit   'object-assign': [ '4.1.1' ],
20 silly audit   'object-hash': [ '3.0.0' ],
20 silly audit   'path-parse': [ '1.0.7' ],
20 silly audit   picocolors: [ '1.1.1' ],
20 silly audit   picomatch: [ '2.3.1', '4.0.3' ],
20 silly audit   pify: [ '2.3.0' ],
20 silly audit   pirates: [ '4.0.7' ],
20 silly audit   postcss: [ '8.5.6' ],
20 silly audit   'postcss-import': [ '15.1.0' ],
20 silly audit   'postcss-js': [ '4.1.0' ],
20 silly audit   'postcss-load-config': [ '6.0.1' ],
20 silly audit   'postcss-nested': [ '6.2.0' ],
20 silly audit   'postcss-selector-parser': [ '6.1.2' ],
20 silly audit   'postcss-value-parser': [ '4.2.0' ],
20 silly audit   'queue-microtask': [ '1.2.3' ],
20 silly audit   react: [ '18.3.1' ],
20 silly audit   'react-dom': [ '18.3.1' ],
20 silly audit   'read-cache': [ '1.0.0' ],
20 silly audit   readdirp: [ '3.6.0' ],
20 silly audit   resolve: [ '1.22.11' ],
20 silly audit   reusify: [ '1.1.0' ],
20 silly audit   rollup: [ '4.57.1' ],
20 silly audit   'run-parallel': [ '1.2.0' ],
20 silly audit   scheduler: [ '0.23.2' ],
20 silly audit   'source-map-js': [ '1.2.1' ],
20 silly audit   sucrase: [ '3.35.1' ],
20 silly audit   'supports-preserve-symlinks-flag': [ '1.0.0' ],
20 silly audit   tailwindcss: [ '3.4.19' ],
20 silly audit   thenify: [ '3.3.1' ],
20 silly audit   'thenify-all': [ '1.6.0' ],
20 silly audit   tinyglobby: [ '0.2.15' ],
20 silly audit   fdir: [ '6.5.0' ],
20 silly audit   'to-regex-range': [ '5.0.1' ],
20 silly audit   'ts-interface-checker': [ '0.1.13' ],
20 silly audit   tslib: [ '2.8.1' ],
20 silly audit   typescript: [ '5.9.3' ],
20 silly audit   'update-browserslist-db': [ '1.2.3' ],
20 silly audit   'util-deprecate': [ '1.0.2' ],
20 silly audit   vanta: [ '0.5.24' ],
20 silly audit   vite: [ '5.4.21' ],
20 silly audit   three: [ '0.182.0' ]
20 silly audit }
21 http cache three@https://registry.npmjs.org/three/-/three-0.182.0.tgz 0ms (cache hit)
22 silly tarball no local data for three@https://registry.npmjs.org/three/-/three-0.182.0.tgz. Extracting by manifest.
23 http fetch POST 200 https://registry.npmjs.org/-/npm/v1/security/advisories/bulk 293ms
24 silly audit report {
24 silly audit report   esbuild: [
24 silly audit report     {
24 silly audit report       id: 1102341,
24 silly audit report       url: 'https://github.com/advisories/GHSA-67mh-4wv8-2f99',
24 silly audit report       title: 'esbuild enables any website to send any requests to the development server and read the response',
24 silly audit report       severity: 'moderate',
24 silly audit report       vulnerable_versions: '<=0.24.2',
24 silly audit report       cwe: [Array],
24 silly audit report       cvss: [Object]
24 silly audit report     }
24 silly audit report   ]
24 silly audit report }
25 silly packumentCache corgi:https://registry.npmjs.org/esbuild cache-miss
26 http cache https://registry.npmjs.org/esbuild 8ms (cache hit)
27 silly packumentCache corgi:https://registry.npmjs.org/esbuild set size:879341 disposed:false
28 silly packumentCache corgi:https://registry.npmjs.org/vite cache-miss
29 http cache https://registry.npmjs.org/vite 8ms (cache hit)
30 silly packumentCache corgi:https://registry.npmjs.org/vite set size:2184523 disposed:false
31 http fetch GET 200 https://registry.npmjs.org/three/-/three-0.182.0.tgz 2737ms (cache miss)
32 silly ADD node_modules/three
33 verbose cwd C:\Users\piruj\OneDrive\Desktop\Patri\SpectraWeb
34 verbose os Windows_NT 10.0.26200
35 verbose node v23.5.0
36 verbose npm  v11.6.1
37 verbose exit 0
38 info ok
